2024-10-24 12:34:14.431 - iox_p_logger - INFO - creating a new project in /usr/home/admin/plugins/shelly, assets_path is /home/admin/.vscode-oss/extensions/universaldevices.iox-plugin-ext-2.0.0-universal
2024-10-24 12:36:08.679 - iox_p_logger - INFO - fastjsonschema does not currently support file references ... ignoring validation request.
2024-10-24 12:36:08.690 - iox_p_logger - INFO - creating a virtual env in /usr/home/admin/plugins/shelly/.venv
2024-10-24 12:36:14.035 - iox_p_logger - INFO - installing requiremnets into the virtual env ...
2024-10-24 12:36:34.588 - iox_p_logger - INFO - fastjsonschema does not currently support file references ... ignoring validation request.
2024-10-24 12:36:35.595 - iox_p_logger - INFO - enableFileUpload not found in meta ...
2024-10-24 12:36:35.597 - iox_p_logger - ERROR - failed adding to store
Traceback (most recent call last):
  File "/usr/local/lib/python3.11/site-packages/urllib3/connection.py", line 174, in _new_conn
    conn = connection.create_connection(
           ^^^^^^^^^^^^^^^^^^^^^^^^^^^^^
  File "/usr/local/lib/python3.11/site-packages/urllib3/util/connection.py", line 95, in create_connection
    raise err
  File "/usr/local/lib/python3.11/site-packages/urllib3/util/connection.py", line 85, in create_connection
    sock.connect(sa)
ConnectionRefusedError: [Errno 61] Connection refused

During handling of the above exception, another exception occurred:

Traceback (most recent call last):
  File "/usr/local/lib/python3.11/site-packages/urllib3/connectionpool.py", line 716, in urlopen
    httplib_response = self._make_request(
                       ^^^^^^^^^^^^^^^^^^^
  File "/usr/local/lib/python3.11/site-packages/urllib3/connectionpool.py", line 404, in _make_request
    self._validate_conn(conn)
  File "/usr/local/lib/python3.11/site-packages/urllib3/connectionpool.py", line 1061, in _validate_conn
    conn.connect()
  File "/usr/local/lib/python3.11/site-packages/urllib3/connection.py", line 363, in connect
    self.sock = conn = self._new_conn()
                       ^^^^^^^^^^^^^^^^
  File "/usr/local/lib/python3.11/site-packages/urllib3/connection.py", line 186, in _new_conn
    raise NewConnectionError(
urllib3.exceptions.NewConnectionError: <urllib3.connection.HTTPSConnection object at 0xffbf28314d0>: Failed to establish a new connection: [Errno 61] Connection refused

During handling of the above exception, another exception occurred:

Traceback (most recent call last):
  File "/usr/local/lib/python3.11/site-packages/requests/adapters.py", line 667, in send
    resp = conn.urlopen(
           ^^^^^^^^^^^^^
  File "/usr/local/lib/python3.11/site-packages/urllib3/connectionpool.py", line 802, in urlopen
    retries = retries.increment(
              ^^^^^^^^^^^^^^^^^^
  File "/usr/local/lib/python3.11/site-packages/urllib3/util/retry.py", line 594, in increment
    raise MaxRetryError(_pool, url, error or ResponseError(cause))
urllib3.exceptions.MaxRetryError: HTTPSConnectionPool(host='localhost', port=3000): Max retries exceeded with url: /v1/insert (Caused by NewConnectionError('<urllib3.connection.HTTPSConnection object at 0xffbf28314d0>: Failed to establish a new connection: [Errno 61] Connection refused'))

During handling of the above exception, another exception occurred:

Traceback (most recent call last):
  File "/home/admin/.local/lib/python3.11/site-packages/ioxplugin/store_ops.py", line 248, in addToStore
    response = requests.post(LOCAL_STORE_URL_INSERT, headers=headers, data=post_content, verify=False)
               ^^^^^^^^^^^^^^^^^^^^^^^^^^^^^^^^^^^^^^^^^^^^^^^^^^^^^^^^^^^^^^^^^^^^^^^^^^^^^^^^^^^^^^^
  File "/usr/local/lib/python3.11/site-packages/requests/api.py", line 115, in post
    return request("post", url, data=data, json=json, **kwargs)
           ^^^^^^^^^^^^^^^^^^^^^^^^^^^^^^^^^^^^^^^^^^^^^^^^^^^^
  File "/usr/local/lib/python3.11/site-packages/requests/api.py", line 59, in request
    return session.request(method=method, url=url, **kwargs)
           ^^^^^^^^^^^^^^^^^^^^^^^^^^^^^^^^^^^^^^^^^^^^^^^^^
  File "/usr/local/lib/python3.11/site-packages/requests/sessions.py", line 589, in request
    resp = self.send(prep, **send_kwargs)
           ^^^^^^^^^^^^^^^^^^^^^^^^^^^^^^
  File "/usr/local/lib/python3.11/site-packages/requests/sessions.py", line 703, in send
    r = adapter.send(request, **kwargs)
        ^^^^^^^^^^^^^^^^^^^^^^^^^^^^^^^
  File "/usr/local/lib/python3.11/site-packages/requests/adapters.py", line 700, in send
    raise ConnectionError(e, request=request)
requests.exceptions.ConnectionError: HTTPSConnectionPool(host='localhost', port=3000): Max retries exceeded with url: /v1/insert (Caused by NewConnectionError('<urllib3.connection.HTTPSConnection object at 0xffbf28314d0>: Failed to establish a new connection: [Errno 61] Connection refused'))
2024-10-24 12:36:35.603 - iox_p_logger - ERROR - Failed creating store entry ..
Traceback (most recent call last):
  File "/home/admin/.vscode-oss/extensions/universaldevices.iox-plugin-ext-2.0.0-universal/code/local_store.py", line 38, in add_plugin
    PLUGIN_LOGGER.error("failed adding to local store", exec_info=True)
  File "/usr/local/lib/python3.11/logging/__init__.py", line 1518, in error
    self._log(ERROR, msg, args, **kwargs)
TypeError: Logger._log() got an unexpected keyword argument 'exec_info'
2024-10-24 12:36:40.093 - iox_p_logger - ERROR - store entry does not exists for this project /usr/home/admin/plugins/shelly/store_entry.json. First, you need to add the plugin to the store
2024-10-24 12:38:49.289 - iox_p_logger - DEBUG - init error
Traceback (most recent call last):
  File "/home/admin/.local/lib/python3.11/site-packages/ioxplugin/iox_profile.py", line 31, in __init__
    self.__preparefs(is_new)
  File "/home/admin/.local/lib/python3.11/site-packages/ioxplugin/iox_profile.py", line 44, in __preparefs
    os.remove(self.nls_file)
FileNotFoundError: [Errno 2] No such file or directory: '/usr/home/admin/plugins/shelly/profile/nls/en_us.txt'
2024-10-24 12:38:49.291 - iox_p_logger - INFO - fastjsonschema does not currently support file references ... ignoring validation request.
2024-10-24 12:38:49.614 - iox_p_logger - INFO - enableFileUpload not found in meta ...
2024-10-24 12:39:12.159 - iox_p_logger - ERROR - store entry already exists for this project /usr/home/admin/plugins/shelly/store_entry.json. If you want to start fresh, remove this file
2024-10-24 12:39:12.160 - iox_p_logger - ERROR - Failed creating store entry ..
Traceback (most recent call last):
  File "/home/admin/.vscode-oss/extensions/universaldevices.iox-plugin-ext-2.0.0-universal/code/local_store.py", line 38, in add_plugin
    PLUGIN_LOGGER.error("failed adding to local store", exec_info=True)
  File "/usr/local/lib/python3.11/logging/__init__.py", line 1518, in error
    self._log(ERROR, msg, args, **kwargs)
TypeError: Logger._log() got an unexpected keyword argument 'exec_info'
2024-10-24 12:39:18.412 - iox_p_logger - DEBUG - Connected to MQTT Broker, subscribing to: $udi/pg3/frontend/clients/#
2024-10-24 12:39:18.413 - iox_p_logger - INFO - trying to install in slot 2 ...
2024-10-24 12:39:18.459 - iox_p_logger - DEBUG - Received `{"getNs":{"id":"36e15beb-6252-4b4b-92bf-827953ee7ffe","uuid":"00:21:b9:26:26:27","token":"ul&9(GD+r(hGb/U5","name":"shelly","nsid":"8bb0d78d-7797-4d5b-9fc7-d4a6acbc2e93","expires":0,"nickname":null,"profileNum":2,"developerMode":1,"timeAdded":1729414372630,"timeStarted":1729414383134,"timeModified":1729798758426,"version":"0.0.1","edition":"Free","branch":"","url":"","home":"/var/polyglot/pg3/ns/0021b9262627_2","log":"logs/debug.log","logLevel":"DEBUG","logLevelList":"[{\"id\":4,\"name\":\"Debug\",\"value\":\"DEBUG\",\"level\":10},{\"id\":3,\"name\":\"Info\",\"value\":\"INFO\",\"level\":20},{\"id\":2,\"name\":\"Warning\",\"value\":\"WARNING\",\"level\":30},{\"id\":1,\"name\":\"Error\",\"value\":\"ERROR\",\"level\":40},{\"id\":0,\"name\":\"Critical\",\"value\":\"CRITICAL\",\"level\":50}]","enabled":0,"connected":2,"devMode":1,"type":"python3","executable":"shelly.py","shortPoll":60,"longPoll":300,"allowIsyAccess":0,"nsInfoPoll":0,"discover":0,"oauth":0,"requestId":0,"status_node":"dimmercontroll","status_driver":"ST","orderId":null,"store":"Local","option":"","noLicense":0,"latestVersion":"0.0.1","dbVersion":1,"nodeCount":2}}` from `udi/pg3/frontend/clients/37028154-cec5-410c-a3cf-3916b84dea5a` topic
2024-10-24 12:39:18.462 - iox_p_logger - DEBUG - Received `{"getCustom":[{"id":"034b6729-1f6a-48c9-8968-565f4cfe67b0","uuid":"00:21:b9:26:26:27","profileNum":"2","key":"nsdata","value":"null","dbVersion":1}]}` from `udi/pg3/frontend/clients/37028154-cec5-410c-a3cf-3916b84dea5a` topic
2024-10-24 12:39:18.462 - iox_p_logger - DEBUG - Received `{"getCustom":[{"id":"23fcf646-6f60-4d1d-8a73-9e1170b1c04e","uuid":"00:21:b9:26:26:27","profileNum":"2","key":"oauth","value":"null","dbVersion":1}]}` from `udi/pg3/frontend/clients/37028154-cec5-410c-a3cf-3916b84dea5a` topic
2024-10-24 12:39:26.292 - iox_p_logger - DEBUG - Received `{}` from `udi/pg3/frontend/clients/37028154-cec5-410c-a3cf-3916b84dea5a` topic
2024-10-24 12:39:26.628 - iox_p_logger - DEBUG - Received `{"getIsys":[{"id":"df5e885e-952f-4a4b-bc37-381d424c972a","uuid":"00:21:b9:26:26:27","name":"IoX","ip":"127.0.0.1","port":8080,"username":"admin","useProxy":0,"enabled":1,"discovered":1,"version":"5.8.4","secure":0,"timeAdded":1729114869745,"timeModified":1729798765552,"dbVersion":1}],"getSettings":{"id":"37028154-cec5-410c-a3cf-3916b84dea5a","name":"pg3","pg3Version":"3.3.13","mqttHost":"localhost","mqttPort":8883,"ipAddress":"192.168.1.148","bindIpAddress":"0.0.0.0","listenPort":3000,"macAddress":"00:21:b9:26:26:27","secure":1,"store":"http://192.168.1.148:3000/","customCerts":0,"beta":0,"timeStarted":1729798705269,"secret":null,"polisy":1,"localStore":1,"availableVersion":"3.3.13","pg3x":1,"pushKey":"{\"access_token\":\"346cc1c4d237e663867a5930f7d2c09dc71c9ea8cde137aca22c144f89eec35a\",\"token_type\":\"Bearer\",\"expires_in\":3599,\"refresh_token\":\"a6f3ad4d49dea5418ea46a11e6809951f9114006890620e47c47eaf7bb0ebab4\",\"authExpires\":1729802304662,\"refreshExpires\":1730921905662,\"userid\":\"54c06f54788561b0f397749f\",\"profile\":{\"id\":\"54c06f54788561b0f397749f\",\"username\":\"tech@universal-devices.com\",\"emailVerified\":true,\"domainId\":\"$superadmin\",\"domainAdmin\":true,\"preferredIsy\":\"00:21:b9:01:f3:3d\",\"isDeveloper\":true,\"isReviewer\":false,\"isEEAdmin\":false,\"notificationMaintenance\":true,\"notificationNews\":true,\"accountShortName\":\"$UDI\",\"accountFirstName\":\"Universal\",\"accountLastName\":\"Devices\"},\"useEisyUi\":false}","pg3_notifications":1,"ns_notifications":1,"bonjourEnabled":0,"pg3LogLevel":"info","timeAdded":1728994726826,"timeModified":1729798705294,"dbVersion":1,"udx":true}}` from `udi/pg3/frontend/clients/37028154-cec5-410c-a3cf-3916b84dea5a` topic
2024-10-24 12:39:26.966 - iox_p_logger - DEBUG - Received `{"getNodeServers":[{"id":"00200245-b85d-4716-a888-9e7eb16f7062","uuid":"00:21:b9:26:26:27","token":"*XZ+9LJLZ+2Fz2tT","name":"udiTeslaEV2","nsid":"50dfa8d4-e3cf-4eb6-a4de-ffa59b84ed1d","expires":1731706915000,"nickname":null,"profileNum":1,"developerMode":0,"timeAdded":1729114920125,"timeStarted":1729798710273,"timeModified":1729798720055,"version":"0.1.18","edition":"Standard","branch":"portal3","url":"https://github.com/Panda88CO/udi-TeslaEV2","home":"/var/polyglot/pg3/ns/0021b9262627_1","log":"logs/debug.log","logLevel":"DEBUG","logLevelList":"[{\"id\":4,\"name\":\"Debug\",\"value\":\"DEBUG\",\"level\":10},{\"id\":3,\"name\":\"Info\",\"value\":\"INFO\",\"level\":20},{\"id\":2,\"name\":\"Warning\",\"value\":\"WARNING\",\"level\":30},{\"id\":1,\"name\":\"Error\",\"value\":\"ERROR\",\"level\":40},{\"id\":0,\"name\":\"Critical\",\"value\":\"CRITICAL\",\"level\":50}]","enabled":1,"connected":1,"devMode":0,"type":"python3","executable":"TeslaEV2main.py","shortPoll":600,"longPoll":3600,"allowIsyAccess":0,"nsInfoPoll":0,"discover":0,"oauth":1,"requestId":0,"status_node":null,"status_driver":null,"orderId":null,"store":"Beta","option":"c6757aeb-a976-448e-87e9-923f1406762c","noLicense":0,"latestVersion":"0.1.27","dbVersion":1,"nodeCount":4,"notices":{}},{"id":"36e15beb-6252-4b4b-92bf-827953ee7ffe","uuid":"00:21:b9:26:26:27","token":"ul&9(GD+r(hGb/U5","name":"shelly","nsid":"8bb0d78d-7797-4d5b-9fc7-d4a6acbc2e93","expires":0,"nickname":null,"profileNum":2,"developerMode":1,"timeAdded":1729414372630,"timeStarted":1729414383134,"timeModified":1729798758426,"version":"0.0.1","edition":"Free","branch":"","url":"","home":"/var/polyglot/pg3/ns/0021b9262627_2","log":"logs/debug.log","logLevel":"DEBUG","logLevelList":"[{\"id\":4,\"name\":\"Debug\",\"value\":\"DEBUG\",\"level\":10},{\"id\":3,\"name\":\"Info\",\"value\":\"INFO\",\"level\":20},{\"id\":2,\"name\":\"Warning\",\"value\":\"WARNING\",\"level\":30},{\"id\":1,\"name\":\"Error\",\"value\":\"ERROR\",\"level\":40},{\"id\":0,\"name\":\"Critical\",\"value\":\"CRITICAL\",\"level\":50}]","enabled":0,"connected":2,"devMode":1,"type":"python3","executable":"shelly.py","shortPoll":60,"longPoll":300,"allowIsyAccess":0,"nsInfoPoll":0,"discover":0,"oauth":0,"requestId":0,"status_node":"dimmercontroll","status_driver":"ST","orderId":null,"store":"Local","option":"","noLicense":0,"latestVersion":"0.0.1","dbVersion":1,"nodeCount":2,"notices":{}}]}` from `udi/pg3/frontend/clients/37028154-cec5-410c-a3cf-3916b84dea5a` topic
2024-10-24 12:39:29.070 - iox_p_logger - DEBUG - Received `{"installNs":{"id":"36e15beb-6252-4b4b-92bf-827953ee7ffe","uuid":"00:21:b9:26:26:27","token":"ul&9(GD+r(hGb/U5","name":"shelly","nsid":"8bb0d78d-7797-4d5b-9fc7-d4a6acbc2e93","expires":0,"nickname":null,"profileNum":2,"developerMode":1,"timeAdded":1729414372630,"timeStarted":1729414383134,"timeModified":1729798758426,"version":"0.0.1","edition":"Free","branch":"","url":"","home":"/var/polyglot/pg3/ns/0021b9262627_2","log":"logs/debug.log","logLevel":"DEBUG","logLevelList":"[{\"id\":4,\"name\":\"Debug\",\"value\":\"DEBUG\",\"level\":10},{\"id\":3,\"name\":\"Info\",\"value\":\"INFO\",\"level\":20},{\"id\":2,\"name\":\"Warning\",\"value\":\"WARNING\",\"level\":30},{\"id\":1,\"name\":\"Error\",\"value\":\"ERROR\",\"level\":40},{\"id\":0,\"name\":\"Critical\",\"value\":\"CRITICAL\",\"level\":50}]","enabled":0,"connected":2,"devMode":1,"type":"python3","executable":"shelly.py","shortPoll":60,"longPoll":300,"allowIsyAccess":0,"nsInfoPoll":0,"discover":0,"oauth":0,"requestId":0,"status_node":"dimmercontroll","status_driver":"ST","orderId":null,"store":"Local","option":"","noLicense":0,"latestVersion":"0.0.1","dbVersion":1,"nodeCount":2,"success":true}}` from `udi/pg3/frontend/clients/37028154-cec5-410c-a3cf-3916b84dea5a` topic
2024-10-24 12:39:29.071 - iox_p_logger - INFO - successfully installed shelly in 2
2024-10-24 12:39:29.099 - iox_p_logger - DEBUG - Received `{"getNodeServers":[{"id":"00200245-b85d-4716-a888-9e7eb16f7062","uuid":"00:21:b9:26:26:27","token":"*XZ+9LJLZ+2Fz2tT","name":"udiTeslaEV2","nsid":"50dfa8d4-e3cf-4eb6-a4de-ffa59b84ed1d","expires":1731706915000,"nickname":null,"profileNum":1,"developerMode":0,"timeAdded":1729114920125,"timeStarted":1729798710273,"timeModified":1729798720055,"version":"0.1.18","edition":"Standard","branch":"portal3","url":"https://github.com/Panda88CO/udi-TeslaEV2","home":"/var/polyglot/pg3/ns/0021b9262627_1","log":"logs/debug.log","logLevel":"DEBUG","logLevelList":"[{\"id\":4,\"name\":\"Debug\",\"value\":\"DEBUG\",\"level\":10},{\"id\":3,\"name\":\"Info\",\"value\":\"INFO\",\"level\":20},{\"id\":2,\"name\":\"Warning\",\"value\":\"WARNING\",\"level\":30},{\"id\":1,\"name\":\"Error\",\"value\":\"ERROR\",\"level\":40},{\"id\":0,\"name\":\"Critical\",\"value\":\"CRITICAL\",\"level\":50}]","enabled":1,"connected":1,"devMode":0,"type":"python3","executable":"TeslaEV2main.py","shortPoll":600,"longPoll":3600,"allowIsyAccess":0,"nsInfoPoll":0,"discover":0,"oauth":1,"requestId":0,"status_node":null,"status_driver":null,"orderId":null,"store":"Beta","option":"c6757aeb-a976-448e-87e9-923f1406762c","noLicense":0,"latestVersion":"0.1.27","dbVersion":1,"nodeCount":4,"notices":{}},{"id":"36e15beb-6252-4b4b-92bf-827953ee7ffe","uuid":"00:21:b9:26:26:27","token":"ul&9(GD+r(hGb/U5","name":"shelly","nsid":"8bb0d78d-7797-4d5b-9fc7-d4a6acbc2e93","expires":0,"nickname":null,"profileNum":2,"developerMode":1,"timeAdded":1729414372630,"timeStarted":1729414383134,"timeModified":1729798758426,"version":"0.0.1","edition":"Free","branch":"","url":"","home":"/var/polyglot/pg3/ns/0021b9262627_2","log":"logs/debug.log","logLevel":"DEBUG","logLevelList":"[{\"id\":4,\"name\":\"Debug\",\"value\":\"DEBUG\",\"level\":10},{\"id\":3,\"name\":\"Info\",\"value\":\"INFO\",\"level\":20},{\"id\":2,\"name\":\"Warning\",\"value\":\"WARNING\",\"level\":30},{\"id\":1,\"name\":\"Error\",\"value\":\"ERROR\",\"level\":40},{\"id\":0,\"name\":\"Critical\",\"value\":\"CRITICAL\",\"level\":50}]","enabled":0,"connected":2,"devMode":1,"type":"python3","executable":"shelly.py","shortPoll":60,"longPoll":300,"allowIsyAccess":0,"nsInfoPoll":0,"discover":0,"oauth":0,"requestId":0,"status_node":"dimmercontroll","status_driver":"ST","orderId":null,"store":"Local","option":"","noLicense":0,"latestVersion":"0.0.1","dbVersion":1,"nodeCount":2,"notices":{}}]}` from `udi/pg3/frontend/clients/37028154-cec5-410c-a3cf-3916b84dea5a` topic
2024-10-24 12:39:29.657 - iox_p_logger - DEBUG - Received `{"updateInstalled":{"success":true,"status":"OK"}}` from `udi/pg3/frontend/clients/37028154-cec5-410c-a3cf-3916b84dea5a` topic
2024-10-24 12:39:31.094 - iox_p_logger - INFO - trying to run command stopNs for 0021b9262627_2...
2024-10-24 12:39:31.107 - iox_p_logger - DEBUG - Received `{"stopNs":{"success":false,"error":"shelly not running"}}` from `udi/pg3/frontend/clients/37028154-cec5-410c-a3cf-3916b84dea5a` topic
2024-10-24 12:39:33.096 - iox_p_logger - INFO - Disconnected from mqtt with result code:0
2024-10-24 12:39:33.097 - iox_p_logger - INFO - Disconnected from mqtt with result code:0
2024-10-24 12:41:39.613 - iox_p_logger - DEBUG - init error
Traceback (most recent call last):
  File "/home/admin/.local/lib/python3.11/site-packages/ioxplugin/iox_profile.py", line 31, in __init__
    self.__preparefs(is_new)
  File "/home/admin/.local/lib/python3.11/site-packages/ioxplugin/iox_profile.py", line 44, in __preparefs
    os.remove(self.nls_file)
FileNotFoundError: [Errno 2] No such file or directory: '/usr/home/admin/plugins/shelly/profile/nls/en_us.txt'
2024-10-24 12:41:39.614 - iox_p_logger - INFO - fastjsonschema does not currently support file references ... ignoring validation request.
2024-10-24 12:41:39.623 - iox_p_logger - INFO - /usr/home/admin/plugins/shelly/ShellyProtocolHandler.py already exists ... ignoring
2024-10-24 12:41:39.623 - iox_p_logger - INFO - creating a virtual env in /usr/home/admin/plugins/shelly/.venv
2024-10-24 12:41:42.434 - iox_p_logger - INFO - installing requiremnets into the virtual env ...
2024-10-24 12:42:10.644 - iox_p_logger - INFO - fastjsonschema does not currently support file references ... ignoring validation request.
2024-10-24 12:42:10.971 - iox_p_logger - INFO - enableFileUpload not found in meta ...
2024-10-24 12:43:51.193 - iox_p_logger - DEBUG - Connected to MQTT Broker, subscribing to: $udi/pg3/frontend/clients/#
2024-10-24 12:43:51.194 - iox_p_logger - INFO - trying to install in slot 2 ...
2024-10-24 12:43:51.238 - iox_p_logger - DEBUG - Received `{"getNodeServers":[{"id":"00200245-b85d-4716-a888-9e7eb16f7062","uuid":"00:21:b9:26:26:27","token":"*XZ+9LJLZ+2Fz2tT","name":"udiTeslaEV2","nsid":"50dfa8d4-e3cf-4eb6-a4de-ffa59b84ed1d","expires":1731706915000,"nickname":null,"profileNum":1,"developerMode":0,"timeAdded":1729114920125,"timeStarted":1729798710273,"timeModified":1729798720055,"version":"0.1.18","edition":"Standard","branch":"portal3","url":"https://github.com/Panda88CO/udi-TeslaEV2","home":"/var/polyglot/pg3/ns/0021b9262627_1","log":"logs/debug.log","logLevel":"DEBUG","logLevelList":"[{\"id\":4,\"name\":\"Debug\",\"value\":\"DEBUG\",\"level\":10},{\"id\":3,\"name\":\"Info\",\"value\":\"INFO\",\"level\":20},{\"id\":2,\"name\":\"Warning\",\"value\":\"WARNING\",\"level\":30},{\"id\":1,\"name\":\"Error\",\"value\":\"ERROR\",\"level\":40},{\"id\":0,\"name\":\"Critical\",\"value\":\"CRITICAL\",\"level\":50}]","enabled":1,"connected":1,"devMode":0,"type":"python3","executable":"TeslaEV2main.py","shortPoll":600,"longPoll":3600,"allowIsyAccess":0,"nsInfoPoll":0,"discover":0,"oauth":1,"requestId":0,"status_node":null,"status_driver":null,"orderId":null,"store":"Beta","option":"c6757aeb-a976-448e-87e9-923f1406762c","noLicense":0,"latestVersion":"0.1.27","dbVersion":1,"nodeCount":4,"notices":{}},{"id":"8c5091c6-22bb-447d-baeb-60dd9d7f6e70","uuid":"00:21:b9:26:26:27","token":"Ru+!FcKtp+ZBeGm)","name":"shelly","nsid":"7bbbe49e-7991-404d-8fa2-576637791635","expires":0,"nickname":null,"profileNum":2,"developerMode":1,"timeAdded":1729799031204,"timeStarted":null,"timeModified":1729799031204,"version":"0.0.1","edition":"Free","branch":"","url":"","home":"/var/polyglot/pg3/ns/0021b9262627_2","log":"logs/debug.log","logLevel":"DEBUG","logLevelList":"[{\"id\":4,\"name\":\"Debug\",\"value\":\"DEBUG\",\"level\":10},{\"id\":3,\"name\":\"Info\",\"value\":\"INFO\",\"level\":20},{\"id\":2,\"name\":\"Warning\",\"value\":\"WARNING\",\"level\":30},{\"id\":1,\"name\":\"Error\",\"value\":\"ERROR\",\"level\":40},{\"id\":0,\"name\":\"Critical\",\"value\":\"CRITICAL\",\"level\":50}]","enabled":1,"connected":0,"devMode":1,"type":"python3","executable":"shelly.py","shortPoll":60,"longPoll":300,"allowIsyAccess":0,"nsInfoPoll":0,"discover":0,"oauth":0,"requestId":0,"status_node":null,"status_driver":null,"orderId":null,"store":"Local","option":"","noLicense":0,"latestVersion":null,"dbVersion":1,"nodeCount":0,"notices":{}}]}` from `udi/pg3/frontend/clients/37028154-cec5-410c-a3cf-3916b84dea5a` topic
2024-10-24 12:43:51.239 - iox_p_logger - DEBUG - Received `{"getNs":{"id":"8c5091c6-22bb-447d-baeb-60dd9d7f6e70","uuid":"00:21:b9:26:26:27","token":"Ru+!FcKtp+ZBeGm)","name":"shelly","nsid":"7bbbe49e-7991-404d-8fa2-576637791635","expires":0,"nickname":null,"profileNum":2,"developerMode":1,"timeAdded":1729799031204,"timeStarted":null,"timeModified":1729799031204,"version":"0.0.1","edition":"Free","branch":"","url":"","home":"/var/polyglot/pg3/ns/0021b9262627_2","log":"logs/debug.log","logLevel":"DEBUG","logLevelList":"[{\"id\":4,\"name\":\"Debug\",\"value\":\"DEBUG\",\"level\":10},{\"id\":3,\"name\":\"Info\",\"value\":\"INFO\",\"level\":20},{\"id\":2,\"name\":\"Warning\",\"value\":\"WARNING\",\"level\":30},{\"id\":1,\"name\":\"Error\",\"value\":\"ERROR\",\"level\":40},{\"id\":0,\"name\":\"Critical\",\"value\":\"CRITICAL\",\"level\":50}]","enabled":1,"connected":0,"devMode":1,"type":"python3","executable":"shelly.py","shortPoll":60,"longPoll":300,"allowIsyAccess":0,"nsInfoPoll":0,"discover":0,"oauth":0,"requestId":0,"status_node":null,"status_driver":null,"orderId":null,"store":"Local","option":"","noLicense":0,"latestVersion":null,"dbVersion":1,"notices":{},"nodes":[]}}` from `udi/pg3/frontend/clients/37028154-cec5-410c-a3cf-3916b84dea5a` topic
2024-10-24 12:43:51.240 - iox_p_logger - DEBUG - Received `{"getCustom":[{"id":"6411fa1a-eb62-4dd0-b773-197a3c2610a9","uuid":"00:21:b9:26:26:27","profileNum":"2","key":"nsdata","value":"null","dbVersion":1}]}` from `udi/pg3/frontend/clients/37028154-cec5-410c-a3cf-3916b84dea5a` topic
2024-10-24 12:43:51.241 - iox_p_logger - DEBUG - Received `{"getCustom":[{"id":"3724bedc-ba42-4797-9640-a272bb3b6563","uuid":"00:21:b9:26:26:27","profileNum":"2","key":"oauth","value":"null","dbVersion":1}]}` from `udi/pg3/frontend/clients/37028154-cec5-410c-a3cf-3916b84dea5a` topic
2024-10-24 12:44:02.011 - iox_p_logger - DEBUG - Received `{"getNs":{"id":"8c5091c6-22bb-447d-baeb-60dd9d7f6e70","uuid":"00:21:b9:26:26:27","token":"Ru+!FcKtp+ZBeGm)","name":"shelly","nsid":"7bbbe49e-7991-404d-8fa2-576637791635","expires":0,"nickname":null,"profileNum":2,"developerMode":1,"timeAdded":1729799031204,"timeStarted":null,"timeModified":1729799041999,"version":"0.0.1","edition":"Free","branch":"","url":"","home":"/var/polyglot/pg3/ns/0021b9262627_2","log":"logs/debug.log","logLevel":"DEBUG","logLevelList":"[{\"id\":4,\"name\":\"Debug\",\"value\":\"DEBUG\",\"level\":10},{\"id\":3,\"name\":\"Info\",\"value\":\"INFO\",\"level\":20},{\"id\":2,\"name\":\"Warning\",\"value\":\"WARNING\",\"level\":30},{\"id\":1,\"name\":\"Error\",\"value\":\"ERROR\",\"level\":40},{\"id\":0,\"name\":\"Critical\",\"value\":\"CRITICAL\",\"level\":50}]","enabled":1,"connected":0,"devMode":1,"type":"python3","executable":"shelly.py","shortPoll":60,"longPoll":300,"allowIsyAccess":0,"nsInfoPoll":0,"discover":0,"oauth":0,"requestId":0,"status_node":null,"status_driver":null,"orderId":null,"store":"Local","option":"","noLicense":0,"latestVersion":"0.0.1","dbVersion":1,"nodeCount":0}}` from `udi/pg3/frontend/clients/37028154-cec5-410c-a3cf-3916b84dea5a` topic
2024-10-24 12:44:02.126 - iox_p_logger - DEBUG - Received `{"getNs":{"id":"8c5091c6-22bb-447d-baeb-60dd9d7f6e70","uuid":"00:21:b9:26:26:27","token":"Ru+!FcKtp+ZBeGm)","name":"shelly","nsid":"7bbbe49e-7991-404d-8fa2-576637791635","expires":0,"nickname":null,"profileNum":2,"developerMode":1,"timeAdded":1729799031204,"timeStarted":1729799042114,"timeModified":1729799042115,"version":"0.0.1","edition":"Free","branch":"","url":"","home":"/var/polyglot/pg3/ns/0021b9262627_2","log":"logs/debug.log","logLevel":"DEBUG","logLevelList":"[{\"id\":4,\"name\":\"Debug\",\"value\":\"DEBUG\",\"level\":10},{\"id\":3,\"name\":\"Info\",\"value\":\"INFO\",\"level\":20},{\"id\":2,\"name\":\"Warning\",\"value\":\"WARNING\",\"level\":30},{\"id\":1,\"name\":\"Error\",\"value\":\"ERROR\",\"level\":40},{\"id\":0,\"name\":\"Critical\",\"value\":\"CRITICAL\",\"level\":50}]","enabled":1,"connected":0,"devMode":1,"type":"python3","executable":"shelly.py","shortPoll":60,"longPoll":300,"allowIsyAccess":0,"nsInfoPoll":0,"discover":0,"oauth":0,"requestId":0,"status_node":null,"status_driver":null,"orderId":null,"store":"Local","option":"","noLicense":0,"latestVersion":"0.0.1","dbVersion":1,"nodeCount":0}}` from `udi/pg3/frontend/clients/37028154-cec5-410c-a3cf-3916b84dea5a` topic
2024-10-24 12:44:02.166 - iox_p_logger - DEBUG - Received `{"installNs":{"id":"8c5091c6-22bb-447d-baeb-60dd9d7f6e70","uuid":"00:21:b9:26:26:27","token":"Ru+!FcKtp+ZBeGm)","name":"shelly","nsid":"7bbbe49e-7991-404d-8fa2-576637791635","expires":0,"nickname":null,"profileNum":2,"developerMode":1,"timeAdded":1729799031204,"timeStarted":null,"timeModified":1729799031204,"version":"0.0.1","edition":"Free","branch":"","url":"","home":"/var/polyglot/pg3/ns/0021b9262627_2","log":"logs/debug.log","logLevel":"DEBUG","logLevelList":"[{\"id\":4,\"name\":\"Debug\",\"value\":\"DEBUG\",\"level\":10},{\"id\":3,\"name\":\"Info\",\"value\":\"INFO\",\"level\":20},{\"id\":2,\"name\":\"Warning\",\"value\":\"WARNING\",\"level\":30},{\"id\":1,\"name\":\"Error\",\"value\":\"ERROR\",\"level\":40},{\"id\":0,\"name\":\"Critical\",\"value\":\"CRITICAL\",\"level\":50}]","enabled":1,"connected":0,"devMode":1,"type":"python3","executable":"shelly.py","shortPoll":60,"longPoll":300,"allowIsyAccess":0,"nsInfoPoll":0,"discover":0,"oauth":0,"requestId":0,"status_node":null,"status_driver":null,"orderId":null,"store":"Local","option":"","noLicense":0,"latestVersion":null,"dbVersion":1,"nodeCount":0,"success":true}}` from `udi/pg3/frontend/clients/37028154-cec5-410c-a3cf-3916b84dea5a` topic
2024-10-24 12:44:02.168 - iox_p_logger - INFO - successfully installed shelly in 2
2024-10-24 12:44:02.198 - iox_p_logger - DEBUG - Received `{"getNodeServers":[{"id":"00200245-b85d-4716-a888-9e7eb16f7062","uuid":"00:21:b9:26:26:27","token":"*XZ+9LJLZ+2Fz2tT","name":"udiTeslaEV2","nsid":"50dfa8d4-e3cf-4eb6-a4de-ffa59b84ed1d","expires":1731706915000,"nickname":null,"profileNum":1,"developerMode":0,"timeAdded":1729114920125,"timeStarted":1729798710273,"timeModified":1729798720055,"version":"0.1.18","edition":"Standard","branch":"portal3","url":"https://github.com/Panda88CO/udi-TeslaEV2","home":"/var/polyglot/pg3/ns/0021b9262627_1","log":"logs/debug.log","logLevel":"DEBUG","logLevelList":"[{\"id\":4,\"name\":\"Debug\",\"value\":\"DEBUG\",\"level\":10},{\"id\":3,\"name\":\"Info\",\"value\":\"INFO\",\"level\":20},{\"id\":2,\"name\":\"Warning\",\"value\":\"WARNING\",\"level\":30},{\"id\":1,\"name\":\"Error\",\"value\":\"ERROR\",\"level\":40},{\"id\":0,\"name\":\"Critical\",\"value\":\"CRITICAL\",\"level\":50}]","enabled":1,"connected":1,"devMode":0,"type":"python3","executable":"TeslaEV2main.py","shortPoll":600,"longPoll":3600,"allowIsyAccess":0,"nsInfoPoll":0,"discover":0,"oauth":1,"requestId":0,"status_node":null,"status_driver":null,"orderId":null,"store":"Beta","option":"c6757aeb-a976-448e-87e9-923f1406762c","noLicense":0,"latestVersion":"0.1.27","dbVersion":1,"nodeCount":4,"notices":{}},{"id":"8c5091c6-22bb-447d-baeb-60dd9d7f6e70","uuid":"00:21:b9:26:26:27","token":"Ru+!FcKtp+ZBeGm)","name":"shelly","nsid":"7bbbe49e-7991-404d-8fa2-576637791635","expires":0,"nickname":null,"profileNum":2,"developerMode":1,"timeAdded":1729799031204,"timeStarted":1729799042114,"timeModified":1729799042115,"version":"0.0.1","edition":"Free","branch":"","url":"","home":"/var/polyglot/pg3/ns/0021b9262627_2","log":"logs/debug.log","logLevel":"DEBUG","logLevelList":"[{\"id\":4,\"name\":\"Debug\",\"value\":\"DEBUG\",\"level\":10},{\"id\":3,\"name\":\"Info\",\"value\":\"INFO\",\"level\":20},{\"id\":2,\"name\":\"Warning\",\"value\":\"WARNING\",\"level\":30},{\"id\":1,\"name\":\"Error\",\"value\":\"ERROR\",\"level\":40},{\"id\":0,\"name\":\"Critical\",\"value\":\"CRITICAL\",\"level\":50}]","enabled":1,"connected":0,"devMode":1,"type":"python3","executable":"shelly.py","shortPoll":60,"longPoll":300,"allowIsyAccess":0,"nsInfoPoll":0,"discover":0,"oauth":0,"requestId":0,"status_node":null,"status_driver":null,"orderId":null,"store":"Local","option":"","noLicense":0,"latestVersion":"0.0.1","dbVersion":1,"nodeCount":0,"notices":{}}]}` from `udi/pg3/frontend/clients/37028154-cec5-410c-a3cf-3916b84dea5a` topic
2024-10-24 12:44:02.743 - iox_p_logger - DEBUG - Received `{"updateInstalled":{"success":true,"status":"OK"}}` from `udi/pg3/frontend/clients/37028154-cec5-410c-a3cf-3916b84dea5a` topic
2024-10-24 12:44:03.365 - iox_p_logger - DEBUG - Received `{"getNs":{"id":"8c5091c6-22bb-447d-baeb-60dd9d7f6e70","uuid":"00:21:b9:26:26:27","token":"Ru+!FcKtp+ZBeGm)","name":"shelly","nsid":"7bbbe49e-7991-404d-8fa2-576637791635","expires":0,"nickname":null,"profileNum":2,"developerMode":1,"timeAdded":1729799031204,"timeStarted":1729799042114,"timeModified":1729799043350,"version":"0.0.1","edition":"Free","branch":"","url":"","home":"/var/polyglot/pg3/ns/0021b9262627_2","log":"logs/debug.log","logLevel":"DEBUG","logLevelList":"[{\"id\":4,\"name\":\"Debug\",\"value\":\"DEBUG\",\"level\":10},{\"id\":3,\"name\":\"Info\",\"value\":\"INFO\",\"level\":20},{\"id\":2,\"name\":\"Warning\",\"value\":\"WARNING\",\"level\":30},{\"id\":1,\"name\":\"Error\",\"value\":\"ERROR\",\"level\":40},{\"id\":0,\"name\":\"Critical\",\"value\":\"CRITICAL\",\"level\":50}]","enabled":1,"connected":1,"devMode":1,"type":"python3","executable":"shelly.py","shortPoll":60,"longPoll":300,"allowIsyAccess":0,"nsInfoPoll":0,"discover":0,"oauth":0,"requestId":0,"status_node":null,"status_driver":null,"orderId":null,"store":"Local","option":"","noLicense":0,"latestVersion":"0.0.1","dbVersion":1,"nodeCount":0}}` from `udi/pg3/frontend/clients/37028154-cec5-410c-a3cf-3916b84dea5a` topic
2024-10-24 12:44:03.365 - iox_p_logger - DEBUG - Received `{"getNodeServers":[{"id":"00200245-b85d-4716-a888-9e7eb16f7062","uuid":"00:21:b9:26:26:27","token":"*XZ+9LJLZ+2Fz2tT","name":"udiTeslaEV2","nsid":"50dfa8d4-e3cf-4eb6-a4de-ffa59b84ed1d","expires":1731706915000,"nickname":null,"profileNum":1,"developerMode":0,"timeAdded":1729114920125,"timeStarted":1729798710273,"timeModified":1729798720055,"version":"0.1.18","edition":"Standard","branch":"portal3","url":"https://github.com/Panda88CO/udi-TeslaEV2","home":"/var/polyglot/pg3/ns/0021b9262627_1","log":"logs/debug.log","logLevel":"DEBUG","logLevelList":"[{\"id\":4,\"name\":\"Debug\",\"value\":\"DEBUG\",\"level\":10},{\"id\":3,\"name\":\"Info\",\"value\":\"INFO\",\"level\":20},{\"id\":2,\"name\":\"Warning\",\"value\":\"WARNING\",\"level\":30},{\"id\":1,\"name\":\"Error\",\"value\":\"ERROR\",\"level\":40},{\"id\":0,\"name\":\"Critical\",\"value\":\"CRITICAL\",\"level\":50}]","enabled":1,"connected":1,"devMode":0,"type":"python3","executable":"TeslaEV2main.py","shortPoll":600,"longPoll":3600,"allowIsyAccess":0,"nsInfoPoll":0,"discover":0,"oauth":1,"requestId":0,"status_node":null,"status_driver":null,"orderId":null,"store":"Beta","option":"c6757aeb-a976-448e-87e9-923f1406762c","noLicense":0,"latestVersion":"0.1.27","dbVersion":1,"nodeCount":4,"notices":{}},{"id":"8c5091c6-22bb-447d-baeb-60dd9d7f6e70","uuid":"00:21:b9:26:26:27","token":"Ru+!FcKtp+ZBeGm)","name":"shelly","nsid":"7bbbe49e-7991-404d-8fa2-576637791635","expires":0,"nickname":null,"profileNum":2,"developerMode":1,"timeAdded":1729799031204,"timeStarted":1729799042114,"timeModified":1729799043350,"version":"0.0.1","edition":"Free","branch":"","url":"","home":"/var/polyglot/pg3/ns/0021b9262627_2","log":"logs/debug.log","logLevel":"DEBUG","logLevelList":"[{\"id\":4,\"name\":\"Debug\",\"value\":\"DEBUG\",\"level\":10},{\"id\":3,\"name\":\"Info\",\"value\":\"INFO\",\"level\":20},{\"id\":2,\"name\":\"Warning\",\"value\":\"WARNING\",\"level\":30},{\"id\":1,\"name\":\"Error\",\"value\":\"ERROR\",\"level\":40},{\"id\":0,\"name\":\"Critical\",\"value\":\"CRITICAL\",\"level\":50}]","enabled":1,"connected":1,"devMode":1,"type":"python3","executable":"shelly.py","shortPoll":60,"longPoll":300,"allowIsyAccess":0,"nsInfoPoll":0,"discover":0,"oauth":0,"requestId":0,"status_node":null,"status_driver":null,"orderId":null,"store":"Local","option":"","noLicense":0,"latestVersion":"0.0.1","dbVersion":1,"nodeCount":0,"notices":{}}]}` from `udi/pg3/frontend/clients/37028154-cec5-410c-a3cf-3916b84dea5a` topic
2024-10-24 12:44:03.405 - iox_p_logger - DEBUG - Received `{"getCustom":[{"id":"0d14ba1c-b7e4-4d05-ae3a-69be7de1d8c8","uuid":"00:21:b9:26:26:27","profileNum":"2","key":"notices","value":"{}","dbVersion":1}]}` from `udi/pg3/frontend/clients/37028154-cec5-410c-a3cf-3916b84dea5a` topic
2024-10-24 12:44:03.447 - iox_p_logger - DEBUG - Received `{"getNs":{"id":"8c5091c6-22bb-447d-baeb-60dd9d7f6e70","uuid":"00:21:b9:26:26:27","token":"Ru+!FcKtp+ZBeGm)","name":"shelly","nsid":"7bbbe49e-7991-404d-8fa2-576637791635","expires":0,"nickname":null,"profileNum":2,"developerMode":1,"timeAdded":1729799031204,"timeStarted":1729799042114,"timeModified":1729799043426,"version":"0.0.1","edition":"Free","branch":"","url":"","home":"/var/polyglot/pg3/ns/0021b9262627_2","log":"logs/debug.log","logLevel":"DEBUG","logLevelList":"[{\"id\":4,\"name\":\"Debug\",\"value\":\"DEBUG\",\"level\":10},{\"id\":3,\"name\":\"Info\",\"value\":\"INFO\",\"level\":20},{\"id\":2,\"name\":\"Warning\",\"value\":\"WARNING\",\"level\":30},{\"id\":1,\"name\":\"Error\",\"value\":\"ERROR\",\"level\":40},{\"id\":0,\"name\":\"Critical\",\"value\":\"CRITICAL\",\"level\":50}]","enabled":1,"connected":1,"devMode":1,"type":"python3","executable":"shelly.py","shortPoll":60,"longPoll":300,"allowIsyAccess":0,"nsInfoPoll":0,"discover":0,"oauth":0,"requestId":0,"status_node":"shellycontroll","status_driver":"ST","orderId":null,"store":"Local","option":"","noLicense":0,"latestVersion":"0.0.1","dbVersion":1,"nodeCount":0}}` from `udi/pg3/frontend/clients/37028154-cec5-410c-a3cf-3916b84dea5a` topic
2024-10-24 12:44:03.489 - iox_p_logger - DEBUG - Received `{"getNs":{"id":"8c5091c6-22bb-447d-baeb-60dd9d7f6e70","uuid":"00:21:b9:26:26:27","token":"Ru+!FcKtp+ZBeGm)","name":"shelly","nsid":"7bbbe49e-7991-404d-8fa2-576637791635","expires":0,"nickname":null,"profileNum":2,"developerMode":1,"timeAdded":1729799031204,"timeStarted":1729799042114,"timeModified":1729799043445,"version":"1.0.0","edition":"Free","branch":"","url":"","home":"/var/polyglot/pg3/ns/0021b9262627_2","log":"logs/debug.log","logLevel":"DEBUG","logLevelList":"[{\"id\":4,\"name\":\"Debug\",\"value\":\"DEBUG\",\"level\":10},{\"id\":3,\"name\":\"Info\",\"value\":\"INFO\",\"level\":20},{\"id\":2,\"name\":\"Warning\",\"value\":\"WARNING\",\"level\":30},{\"id\":1,\"name\":\"Error\",\"value\":\"ERROR\",\"level\":40},{\"id\":0,\"name\":\"Critical\",\"value\":\"CRITICAL\",\"level\":50}]","enabled":1,"connected":1,"devMode":1,"type":"python3","executable":"shelly.py","shortPoll":60,"longPoll":300,"allowIsyAccess":0,"nsInfoPoll":0,"discover":0,"oauth":0,"requestId":0,"status_node":"shellycontroll","status_driver":"ST","orderId":null,"store":"Local","option":"","noLicense":0,"latestVersion":"0.0.1","dbVersion":1,"nodeCount":0}}` from `udi/pg3/frontend/clients/37028154-cec5-410c-a3cf-3916b84dea5a` topic
2024-10-24 12:44:03.491 - iox_p_logger - DEBUG - Received `{"getNs":{"id":"8c5091c6-22bb-447d-baeb-60dd9d7f6e70","uuid":"00:21:b9:26:26:27","token":"Ru+!FcKtp+ZBeGm)","name":"shelly","nsid":"7bbbe49e-7991-404d-8fa2-576637791635","expires":0,"nickname":null,"profileNum":2,"developerMode":1,"timeAdded":1729799031204,"timeStarted":1729799042114,"timeModified":1729799043445,"version":"1.0.0","edition":"Free","branch":"","url":"","home":"/var/polyglot/pg3/ns/0021b9262627_2","log":"logs/debug.log","logLevel":"DEBUG","logLevelList":"[{\"id\":4,\"name\":\"Debug\",\"value\":\"DEBUG\",\"level\":10},{\"id\":3,\"name\":\"Info\",\"value\":\"INFO\",\"level\":20},{\"id\":2,\"name\":\"Warning\",\"value\":\"WARNING\",\"level\":30},{\"id\":1,\"name\":\"Error\",\"value\":\"ERROR\",\"level\":40},{\"id\":0,\"name\":\"Critical\",\"value\":\"CRITICAL\",\"level\":50}]","enabled":1,"connected":1,"devMode":1,"type":"python3","executable":"shelly.py","shortPoll":60,"longPoll":300,"allowIsyAccess":0,"nsInfoPoll":0,"discover":0,"oauth":0,"requestId":0,"status_node":"shellycontroll","status_driver":"ST","orderId":null,"store":"Local","option":"","noLicense":0,"latestVersion":"0.0.1","dbVersion":1,"notices":{},"nodes":[{"id":"d019f66c-d957-404c-b28f-0d9c337dbc49","uuid":"00:21:b9:26:26:27","profileNum":2,"address":"shellycontroll","name":"Shelly Controller","nodeDefId":"shellycontroll","nls":null,"hint":"0x00000000","controller":0,"primaryNode":"shellycontroll","private":null,"isPrimary":1,"enabled":1,"timeAdded":1729799043467,"timeModified":1729799043467,"dbVersion":1,"drivers":[]}]}}` from `udi/pg3/frontend/clients/37028154-cec5-410c-a3cf-3916b84dea5a` topic
2024-10-24 12:44:03.646 - iox_p_logger - DEBUG - Received `{"connected":[{"key":"connected"}]}` from `udi/pg3/frontend/clients/37028154-cec5-410c-a3cf-3916b84dea5a` topic
2024-10-24 12:44:03.681 - iox_p_logger - DEBUG - Received `{"getCustom":[{"id":"a445f678-33c8-44ae-b5ea-ceda23a0cb8a","uuid":"00:21:b9:26:26:27","profileNum":"2","key":"customparamsdoc","value":"<p>Very simple audio player for eisy. It can:</p>\n\n<ul>\n<li>Play the default sounds</li>\n<li>Play through the speaker jack on the back</li>\n</ul>\n\n<h2>Professional Version</h2>\n\n<ul>\n<li>You can upload your music in a zip file (size limit is 20M)</li>\n<li>It can play online stations </li>\n<li>It can automatically convert your text to speech and play it</li>\n<li>Play through Paired Bluetooth speakers - you will also need the Bluetooth plugin (free)</li>\n<li>Remove entries</li>\n<li>Volume control</li>\n</ul>\n\n<h2>Parameters:</h2>\n\n<ol>\n<li><p>path\nThis is the path for storing your files. This can be any path but, if you change it, you will need to make sure you have ssh access to it in order to make give it the right permissions/ownership. If you're not a geek, leave it as is</p></li>\n<li><p>stations \nThe value for this parameter is in the form of:\nname===url, name1===url1, name2===url2, ... </p></li>\n<li><p>For text to speech, create custom parameters </p>\n\n<ul>\n<li>key \ntts<em><source lang></em><dest_lang><em>name-of-your-file\ne.g. tts</em>en<em>en</em>Hello-World\nThis key converts the value (see below) from your English text (en) to voice in English (en).</li>\n<li>value \nThe text of what you want spoken.\ne.g. Hello World!</li>\n</ul></li>\n</ol>\n\n<h2>Important Note:</h2>\n\n<p>If your originally crated tts files do not work, rename them by adding a <em>t at the end of the file name. For instance\nhello</em>world.mp3 -> hello<em>world</em>t.mp3</p>\n","dbVersion":1}]}` from `udi/pg3/frontend/clients/37028154-cec5-410c-a3cf-3916b84dea5a` topic
2024-10-24 12:44:04.202 - iox_p_logger - INFO - trying to run command stopNs for 0021b9262627_2...
2024-10-24 12:44:04.226 - iox_p_logger - DEBUG - Received `{"getNs":{"id":"8c5091c6-22bb-447d-baeb-60dd9d7f6e70","uuid":"00:21:b9:26:26:27","token":"Ru+!FcKtp+ZBeGm)","name":"shelly","nsid":"7bbbe49e-7991-404d-8fa2-576637791635","expires":0,"nickname":null,"profileNum":2,"developerMode":1,"timeAdded":1729799031204,"timeStarted":1729799042114,"timeModified":1729799044214,"version":"1.0.0","edition":"Free","branch":"","url":"","home":"/var/polyglot/pg3/ns/0021b9262627_2","log":"logs/debug.log","logLevel":"DEBUG","logLevelList":"[{\"id\":4,\"name\":\"Debug\",\"value\":\"DEBUG\",\"level\":10},{\"id\":3,\"name\":\"Info\",\"value\":\"INFO\",\"level\":20},{\"id\":2,\"name\":\"Warning\",\"value\":\"WARNING\",\"level\":30},{\"id\":1,\"name\":\"Error\",\"value\":\"ERROR\",\"level\":40},{\"id\":0,\"name\":\"Critical\",\"value\":\"CRITICAL\",\"level\":50}]","enabled":0,"connected":0,"devMode":1,"type":"python3","executable":"shelly.py","shortPoll":60,"longPoll":300,"allowIsyAccess":0,"nsInfoPoll":0,"discover":0,"oauth":0,"requestId":0,"status_node":"shellycontroll","status_driver":"ST","orderId":null,"store":"Local","option":"","noLicense":0,"latestVersion":"0.0.1","dbVersion":1,"nodeCount":1}}` from `udi/pg3/frontend/clients/37028154-cec5-410c-a3cf-3916b84dea5a` topic
2024-10-24 12:44:04.274 - iox_p_logger - DEBUG - Received `{"getNs":{"id":"8c5091c6-22bb-447d-baeb-60dd9d7f6e70","uuid":"00:21:b9:26:26:27","token":"Ru+!FcKtp+ZBeGm)","name":"shelly","nsid":"7bbbe49e-7991-404d-8fa2-576637791635","expires":0,"nickname":null,"profileNum":2,"developerMode":1,"timeAdded":1729799031204,"timeStarted":1729799042114,"timeModified":1729799044262,"version":"1.0.0","edition":"Free","branch":"","url":"","home":"/var/polyglot/pg3/ns/0021b9262627_2","log":"logs/debug.log","logLevel":"DEBUG","logLevelList":"[{\"id\":4,\"name\":\"Debug\",\"value\":\"DEBUG\",\"level\":10},{\"id\":3,\"name\":\"Info\",\"value\":\"INFO\",\"level\":20},{\"id\":2,\"name\":\"Warning\",\"value\":\"WARNING\",\"level\":30},{\"id\":1,\"name\":\"Error\",\"value\":\"ERROR\",\"level\":40},{\"id\":0,\"name\":\"Critical\",\"value\":\"CRITICAL\",\"level\":50}]","enabled":0,"connected":0,"devMode":1,"type":"python3","executable":"shelly.py","shortPoll":60,"longPoll":300,"allowIsyAccess":0,"nsInfoPoll":0,"discover":0,"oauth":0,"requestId":0,"status_node":"shellycontroll","status_driver":"ST","orderId":null,"store":"Local","option":"","noLicense":0,"latestVersion":"0.0.1","dbVersion":1,"nodeCount":1}}` from `udi/pg3/frontend/clients/37028154-cec5-410c-a3cf-3916b84dea5a` topic
2024-10-24 12:44:04.318 - iox_p_logger - DEBUG - Received `{"getDriver":{"id":"fba16e25-ed2a-4c0d-ac56-1dd49ebc8236","uuid":"00:21:b9:26:26:27","profileNum":2,"address":"shellycontroll","driver":"ST","value":"0","uom":25,"name":"Status","timeAdded":1729799043572,"timeModified":1729799044290,"dbVersion":1,"text":null}}` from `udi/pg3/frontend/clients/37028154-cec5-410c-a3cf-3916b84dea5a` topic
2024-10-24 12:44:04.319 - iox_p_logger - DEBUG - Received `{"getNodeServers":[{"id":"00200245-b85d-4716-a888-9e7eb16f7062","uuid":"00:21:b9:26:26:27","token":"*XZ+9LJLZ+2Fz2tT","name":"udiTeslaEV2","nsid":"50dfa8d4-e3cf-4eb6-a4de-ffa59b84ed1d","expires":1731706915000,"nickname":null,"profileNum":1,"developerMode":0,"timeAdded":1729114920125,"timeStarted":1729798710273,"timeModified":1729798720055,"version":"0.1.18","edition":"Standard","branch":"portal3","url":"https://github.com/Panda88CO/udi-TeslaEV2","home":"/var/polyglot/pg3/ns/0021b9262627_1","log":"logs/debug.log","logLevel":"DEBUG","logLevelList":"[{\"id\":4,\"name\":\"Debug\",\"value\":\"DEBUG\",\"level\":10},{\"id\":3,\"name\":\"Info\",\"value\":\"INFO\",\"level\":20},{\"id\":2,\"name\":\"Warning\",\"value\":\"WARNING\",\"level\":30},{\"id\":1,\"name\":\"Error\",\"value\":\"ERROR\",\"level\":40},{\"id\":0,\"name\":\"Critical\",\"value\":\"CRITICAL\",\"level\":50}]","enabled":1,"connected":1,"devMode":0,"type":"python3","executable":"TeslaEV2main.py","shortPoll":600,"longPoll":3600,"allowIsyAccess":0,"nsInfoPoll":0,"discover":0,"oauth":1,"requestId":0,"status_node":null,"status_driver":null,"orderId":null,"store":"Beta","option":"c6757aeb-a976-448e-87e9-923f1406762c","noLicense":0,"latestVersion":"0.1.27","dbVersion":1,"nodeCount":4,"notices":{}},{"id":"8c5091c6-22bb-447d-baeb-60dd9d7f6e70","uuid":"00:21:b9:26:26:27","token":"Ru+!FcKtp+ZBeGm)","name":"shelly","nsid":"7bbbe49e-7991-404d-8fa2-576637791635","expires":0,"nickname":null,"profileNum":2,"developerMode":1,"timeAdded":1729799031204,"timeStarted":1729799042114,"timeModified":1729799044262,"version":"1.0.0","edition":"Free","branch":"","url":"","home":"/var/polyglot/pg3/ns/0021b9262627_2","log":"logs/debug.log","logLevel":"DEBUG","logLevelList":"[{\"id\":4,\"name\":\"Debug\",\"value\":\"DEBUG\",\"level\":10},{\"id\":3,\"name\":\"Info\",\"value\":\"INFO\",\"level\":20},{\"id\":2,\"name\":\"Warning\",\"value\":\"WARNING\",\"level\":30},{\"id\":1,\"name\":\"Error\",\"value\":\"ERROR\",\"level\":40},{\"id\":0,\"name\":\"Critical\",\"value\":\"CRITICAL\",\"level\":50}]","enabled":0,"connected":0,"devMode":1,"type":"python3","executable":"shelly.py","shortPoll":60,"longPoll":300,"allowIsyAccess":0,"nsInfoPoll":0,"discover":0,"oauth":0,"requestId":0,"status_node":"shellycontroll","status_driver":"ST","orderId":null,"store":"Local","option":"","noLicense":0,"latestVersion":"0.0.1","dbVersion":1,"nodeCount":1,"notices":{}}]}` from `udi/pg3/frontend/clients/37028154-cec5-410c-a3cf-3916b84dea5a` topic
2024-10-24 12:44:04.457 - iox_p_logger - DEBUG - Received `{"getNs":{"id":"8c5091c6-22bb-447d-baeb-60dd9d7f6e70","uuid":"00:21:b9:26:26:27","token":"Ru+!FcKtp+ZBeGm)","name":"shelly","nsid":"7bbbe49e-7991-404d-8fa2-576637791635","expires":0,"nickname":null,"profileNum":2,"developerMode":1,"timeAdded":1729799031204,"timeStarted":1729799042114,"timeModified":1729799044262,"version":"1.0.0","edition":"Free","branch":"","url":"","home":"/var/polyglot/pg3/ns/0021b9262627_2","log":"logs/debug.log","logLevel":"DEBUG","logLevelList":"[{\"id\":4,\"name\":\"Debug\",\"value\":\"DEBUG\",\"level\":10},{\"id\":3,\"name\":\"Info\",\"value\":\"INFO\",\"level\":20},{\"id\":2,\"name\":\"Warning\",\"value\":\"WARNING\",\"level\":30},{\"id\":1,\"name\":\"Error\",\"value\":\"ERROR\",\"level\":40},{\"id\":0,\"name\":\"Critical\",\"value\":\"CRITICAL\",\"level\":50}]","enabled":0,"connected":0,"devMode":1,"type":"python3","executable":"shelly.py","shortPoll":60,"longPoll":300,"allowIsyAccess":0,"nsInfoPoll":0,"discover":0,"oauth":0,"requestId":0,"status_node":"shellycontroll","status_driver":"ST","orderId":null,"store":"Local","option":"","noLicense":0,"latestVersion":"0.0.1","dbVersion":1,"notices":{},"nodes":[{"id":"d019f66c-d957-404c-b28f-0d9c337dbc49","uuid":"00:21:b9:26:26:27","profileNum":2,"address":"shellycontroll","name":"Shelly Controller","nodeDefId":"shellycontroll","nls":null,"hint":"0x00000000","controller":1,"primaryNode":"shellycontroll","private":null,"isPrimary":1,"enabled":1,"timeAdded":1729799043467,"timeModified":1729799044442,"dbVersion":1,"drivers":[{"id":"fba16e25-ed2a-4c0d-ac56-1dd49ebc8236","uuid":"00:21:b9:26:26:27","profileNum":2,"address":"shellycontroll","driver":"ST","value":"0","uom":25,"name":"Status","timeAdded":1729799043572,"timeModified":1729799044290,"dbVersion":1,"text":null}]}]}}` from `udi/pg3/frontend/clients/37028154-cec5-410c-a3cf-3916b84dea5a` topic
2024-10-24 12:44:04.543 - iox_p_logger - DEBUG - Received `{"disconnected":[{"key":"disconnected"}]}` from `udi/pg3/frontend/clients/37028154-cec5-410c-a3cf-3916b84dea5a` topic
2024-10-24 12:44:05.263 - iox_p_logger - DEBUG - Received `{"stopNs":{"success":true}}` from `udi/pg3/frontend/clients/37028154-cec5-410c-a3cf-3916b84dea5a` topic
2024-10-24 12:44:06.206 - iox_p_logger - INFO - Disconnected from mqtt with result code:0
2024-10-24 13:14:15.349 - iox_p_logger - INFO - fastjsonschema does not currently support file references ... ignoring validation request.
2024-10-24 13:14:15.358 - iox_p_logger - INFO - /usr/home/admin/plugins/shelly/ShellyProtocolHandler.py already exists ... ignoring
2024-10-24 13:14:15.358 - iox_p_logger - INFO - creating a virtual env in /usr/home/admin/plugins/shelly/.venv
2024-10-24 13:14:18.420 - iox_p_logger - INFO - installing requiremnets into the virtual env ...
2024-10-24 13:14:38.826 - iox_p_logger - INFO - fastjsonschema does not currently support file references ... ignoring validation request.
2024-10-24 13:14:38.835 - iox_p_logger - INFO - /usr/home/admin/plugins/shelly/ShellyProtocolHandler.py already exists ... ignoring
2024-10-24 13:14:38.835 - iox_p_logger - INFO - creating a virtual env in /usr/home/admin/plugins/shelly/.venv
2024-10-24 13:14:41.691 - iox_p_logger - INFO - installing requiremnets into the virtual env ...
2024-10-24 13:15:05.356 - iox_p_logger - INFO - fastjsonschema does not currently support file references ... ignoring validation request.
2024-10-24 13:15:05.365 - iox_p_logger - INFO - creating a virtual env in /usr/home/admin/plugins/shelly/.venv
2024-10-24 13:15:08.440 - iox_p_logger - INFO - installing requiremnets into the virtual env ...
2024-10-24 13:18:30.435 - iox_p_logger - INFO - fastjsonschema does not currently support file references ... ignoring validation request.
2024-10-24 13:18:30.448 - iox_p_logger - INFO - creating a virtual env in /usr/home/admin/plugins/shelly/.venv
2024-10-24 13:18:33.669 - iox_p_logger - INFO - installing requiremnets into the virtual env ...
2024-10-24 13:24:31.228 - iox_p_logger - INFO - fastjsonschema does not currently support file references ... ignoring validation request.
2024-10-24 13:24:31.238 - iox_p_logger - INFO - creating a virtual env in /usr/home/admin/plugins/shelly/.venv
2024-10-24 13:24:34.311 - iox_p_logger - INFO - installing requiremnets into the virtual env ...
